<?xml version="1.0" encoding="UTF-8"?>
<testsuite xmlns:xsi="http://www.w3.org/2001/XMLSchema-instance" xsi:noNamespaceSchemaLocation="https://maven.apache.org/surefire/maven-surefire-plugin/xsd/surefire-test-report-3.0.xsd" version="3.0" name="edu.brown.cs.student.TestServer.GeoTest.TestGeoHandlers" time="29.688" tests="4" errors="0" skipped="0" failures="0">
  <properties>
[...]
</properties>
  <testcase name="testPersistence" classname="edu.brown.cs.student.TestServer.GeoTest.TestGeoHandlers" time="0.116"/>
  <testcase name="testendpoint" classname="edu.brown.cs.student.TestServer.GeoTest.TestGeoHandlers" time="0.048"/>
  <testcase name="testBounding" classname="edu.brown.cs.student.TestServer.GeoTest.TestGeoHandlers" time="0.004"/>
  <testcase name="testRandBounding" classname="edu.brown.cs.student.TestServer.GeoTest.TestGeoHandlers" time="26.352"/>
</testsuite>